<?xml version="1.0" encoding="UTF-8"?>
<testng-results skipped="0" failed="0" total="1" passed="1">
  <reporter-output>
  </reporter-output>
  <suite name="Default suite" duration-ms="226285" started-at="2016-12-14T12:20:21Z" finished-at="2016-12-14T12:24:08Z">
    <groups>
    </groups>
    <test name="Default test" duration-ms="226285" started-at="2016-12-14T12:20:21Z" finished-at="2016-12-14T12:24:08Z">
      <class name="requirement.OneTrustAtlantTask">
        <test-method status="PASS" signature="openBrowser()[pri:0, instance:requirement.OneTrustAtlantTask@45f676cb]" name="openBrowser" is-config="true" duration-ms="6846" started-at="2016-12-14T17:50:21Z" finished-at="2016-12-14T17:50:28Z">
          <reporter-output>
          </reporter-output>
        </test-method> <!-- openBrowser -->
        <test-method status="PASS" signature="FetchCurrentOpenings()[pri:0, instance:requirement.OneTrustAtlantTask@45f676cb]" name="FetchCurrentOpenings" duration-ms="219060" started-at="2016-12-14T17:50:28Z" finished-at="2016-12-14T17:54:07Z">
          <reporter-output>
          </reporter-output>
        </test-method> <!-- FetchCurrentOpenings -->
        <test-method status="PASS" signature="closeBrowser()[pri:0, instance:requirement.OneTrustAtlantTask@45f676cb]" name="closeBrowser" is-config="true" duration-ms="327" started-at="2016-12-14T17:54:07Z" finished-at="2016-12-14T17:54:08Z">
          <reporter-output>
          </reporter-output>
        </test-method> <!-- closeBrowser -->
      </class> <!-- requirement.OneTrustAtlantTask -->
    </test> <!-- Default test -->
  </suite> <!-- Default suite -->
</testng-results>
